0 info it worked if it ends with ok
1 verbose cli [
1 verbose cli   '/Users/blackstone/.nvm/versions/node/v14.18.3/bin/node',
1 verbose cli   '/Users/blackstone/.nvm/versions/node/v14.18.3/bin/npm',
1 verbose cli   'run',
1 verbose cli   'jest',
1 verbose cli   '--config',
1 verbose cli   './test/jest-e2e.json',
1 verbose cli   '--detectOpenHandles',
1 verbose cli   '--watchAll',
1 verbose cli   '--no-cache'
1 verbose cli ]
2 info using npm@6.14.15
3 info using node@v14.18.3
4 verbose stack Error: missing script: jest
4 verbose stack
4 verbose stack Did you mean one of these?
4 verbose stack     test
4 verbose stack     eject
4 verbose stack     at run (/Users/blackstone/.nvm/versions/node/v14.18.3/lib/node_modules/npm/lib/run-script.js:155:19)
4 verbose stack     at /Users/blackstone/.nvm/versions/node/v14.18.3/lib/node_modules/npm/lib/run-script.js:63:5
4 verbose stack     at /Users/blackstone/.nvm/versions/node/v14.18.3/lib/node_modules/npm/node_modules/read-package-json/read-json.js:116:5
4 verbose stack     at /Users/blackstone/.nvm/versions/node/v14.18.3/lib/node_modules/npm/node_modules/read-package-json/read-json.js:436:5
4 verbose stack     at checkBinReferences_ (/Users/blackstone/.nvm/versions/node/v14.18.3/lib/node_modules/npm/node_modules/read-package-json/read-json.js:391:45)
4 verbose stack     at final (/Users/blackstone/.nvm/versions/node/v14.18.3/lib/node_modules/npm/node_modules/read-package-json/read-json.js:434:3)
4 verbose stack     at then (/Users/blackstone/.nvm/versions/node/v14.18.3/lib/node_modules/npm/node_modules/read-package-json/read-json.js:161:5)
4 verbose stack     at /Users/blackstone/.nvm/versions/node/v14.18.3/lib/node_modules/npm/node_modules/read-package-json/read-json.js:382:12
4 verbose stack     at /Users/blackstone/.nvm/versions/node/v14.18.3/lib/node_modules/npm/node_modules/graceful-fs/graceful-fs.js:123:16
4 verbose stack     at FSReqCallback.readFileAfterClose [as oncomplete] (internal/fs/read_file_context.js:71:3)
5 verbose cwd /Users/blackstone/Documents/Projects/login-app
6 verbose Darwin 21.5.0
7 verbose argv "/Users/blackstone/.nvm/versions/node/v14.18.3/bin/node" "/Users/blackstone/.nvm/versions/node/v14.18.3/bin/npm" "run" "jest" "--config" "./test/jest-e2e.json" "--detectOpenHandles" "--watchAll" "--no-cache"
8 verbose node v14.18.3
9 verbose npm  v6.14.15
10 error missing script: jest
10 error
10 error Did you mean one of these?
10 error     test
10 error     eject
11 verbose exit [ 1, true ]
